2026-02-10 10:55:17 INFO  c.e.mini_cti.MiniCtiApplication - Starting MiniCtiApplication using Java 21.0.9 with PID 3744 (C:\Users\sprs5\Desktop\Coding Factory\Coding Factory\Main_Project\mini-cti\build\classes\java\main started by sprs5 in C:\Users\sprs5\Desktop\Coding Factory\Coding Factory\Main_Project\mini-cti)
 2026-02-10 10:55:17 INFO  c.e.mini_cti.MiniCtiApplication - No active profile set, falling back to 1 default profile: "default"
 2026-02-10 10:55:17 INFO  o.s.b.d.e.DevToolsPropertyDefaultsPostProcessor - Devtools property defaults active! Set 'spring.devtools.add-properties' to 'false' to disable
 2026-02-10 10:55:17 INFO  o.s.b.d.e.DevToolsPropertyDefaultsPostProcessor - For additional web related logging consider setting the 'logging.level.web' property to 'DEBUG'
 2026-02-10 10:55:18 INFO  o.s.b.w.e.tomcat.TomcatWebServer - Tomcat initialized with port 8080 (http)
 2026-02-10 10:55:18 INFO  o.s.b.w.s.c.ServletWebServerApplicationContext - Root WebApplicationContext: initialization completed in 632 ms
 2026-02-10 10:55:18 WARN  o.s.b.a.s.s.UserDetailsServiceAutoConfiguration - 

Using generated security password: 1da62b9f-3019-4c5f-9314-68dd9f84b578

This generated password is for development use only. Your security configuration must be updated before running your application in production.

 2026-02-10 10:55:18 INFO  o.s.s.c.a.a.c.InitializeUserDetailsBeanManagerConfigurer$InitializeUserDetailsManagerConfigurer - Global AuthenticationManager configured with UserDetailsService bean with name inMemoryUserDetailsManager
 2026-02-10 10:55:18 INFO  o.s.b.d.a.OptionalLiveReloadServer - LiveReload server is running on port 35729
 2026-02-10 10:55:18 INFO  o.s.b.w.e.tomcat.TomcatWebServer - Tomcat started on port 8080 (http) with context path '/'
 2026-02-10 10:55:18 INFO  c.e.mini_cti.MiniCtiApplication - Started MiniCtiApplication in 1.401 seconds (process running for 1.646)
 2026-02-10 10:55:22 INFO  o.s.web.servlet.DispatcherServlet - Initializing Servlet 'dispatcherServlet'
 2026-02-10 10:55:22 INFO  o.s.web.servlet.DispatcherServlet - Completed initialization in 0 ms
 2026-02-10 10:57:34 INFO  c.e.mini_cti.MiniCtiApplication - Starting MiniCtiApplication using Java 21.0.9 with PID 28496 (C:\Users\sprs5\Desktop\Coding Factory\Coding Factory\Main_Project\mini-cti\build\classes\java\main started by sprs5 in C:\Users\sprs5\Desktop\Coding Factory\Coding Factory\Main_Project\mini-cti)
 2026-02-10 10:57:34 INFO  c.e.mini_cti.MiniCtiApplication - No active profile set, falling back to 1 default profile: "default"
 2026-02-10 10:57:34 INFO  o.s.b.d.e.DevToolsPropertyDefaultsPostProcessor - Devtools property defaults active! Set 'spring.devtools.add-properties' to 'false' to disable
 2026-02-10 10:57:34 INFO  o.s.b.d.e.DevToolsPropertyDefaultsPostProcessor - For additional web related logging consider setting the 'logging.level.web' property to 'DEBUG'
 2026-02-10 10:57:35 INFO  o.s.b.w.e.tomcat.TomcatWebServer - Tomcat initialized with port 8080 (http)
 2026-02-10 10:57:35 INFO  o.s.b.w.s.c.ServletWebServerApplicationContext - Root WebApplicationContext: initialization completed in 633 ms
 2026-02-10 10:57:35 WARN  o.s.b.a.s.s.UserDetailsServiceAutoConfiguration - 

Using generated security password: 687ed528-8fa2-446d-a19e-841500e742fe

This generated password is for development use only. Your security configuration must be updated before running your application in production.

 2026-02-10 10:57:35 INFO  o.s.s.c.a.a.c.InitializeUserDetailsBeanManagerConfigurer$InitializeUserDetailsManagerConfigurer - Global AuthenticationManager configured with UserDetailsService bean with name inMemoryUserDetailsManager
 2026-02-10 10:57:35 INFO  o.s.b.d.a.OptionalLiveReloadServer - LiveReload server is running on port 35729
 2026-02-10 10:57:35 INFO  o.s.b.w.e.tomcat.TomcatWebServer - Tomcat started on port 8080 (http) with context path '/'
 2026-02-10 10:57:35 INFO  c.e.mini_cti.MiniCtiApplication - Started MiniCtiApplication in 1.364 seconds (process running for 1.603)
 2026-02-10 10:57:38 INFO  o.s.web.servlet.DispatcherServlet - Initializing Servlet 'dispatcherServlet'
 2026-02-10 10:57:38 INFO  o.s.web.servlet.DispatcherServlet - Completed initialization in 1 ms
 2026-02-10 23:36:26 INFO  o.h.validator.internal.util.Version - HV000001: Hibernate Validator 8.0.3.Final
 2026-02-10 23:36:26 INFO  c.e.mini_cti.MiniCtiApplication - Starting MiniCtiApplication using Java 21.0.9 with PID 41908 (C:\Users\sprs5\Desktop\Coding Factory\Coding Factory\Main_Project\mini-cti\build\classes\java\main started by sprs5 in C:\Users\sprs5\Desktop\Coding Factory\Coding Factory\Main_Project\mini-cti)
 2026-02-10 23:36:26 INFO  c.e.mini_cti.MiniCtiApplication - No active profile set, falling back to 1 default profile: "default"
 2026-02-10 23:36:26 INFO  o.s.b.d.e.DevToolsPropertyDefaultsPostProcessor - Devtools property defaults active! Set 'spring.devtools.add-properties' to 'false' to disable
 2026-02-10 23:36:26 INFO  o.s.b.d.e.DevToolsPropertyDefaultsPostProcessor - For additional web related logging consider setting the 'logging.level.web' property to 'DEBUG'
 2026-02-10 23:36:26 INFO  o.s.d.r.c.RepositoryConfigurationDelegate - Bootstrapping Spring Data JPA repositories in DEFAULT mode.
 2026-02-10 23:36:26 INFO  o.s.d.r.c.RepositoryConfigurationDelegate - Finished Spring Data repository scanning in 2 ms. Found 0 JPA repository interfaces.
 2026-02-10 23:36:27 INFO  o.s.b.w.e.tomcat.TomcatWebServer - Tomcat initialized with port 8080 (http)
 2026-02-10 23:36:27 INFO  o.s.b.w.s.c.ServletWebServerApplicationContext - Root WebApplicationContext: initialization completed in 862 ms
 2026-02-10 23:36:27 WARN  o.s.b.w.s.c.AnnotationConfigServletWebServerApplicationContext - Exception encountered during context initialization - cancelling refresh attempt: org.springframework.beans.factory.BeanCreationException: Error creating bean with name 'entityManagerFactory' defined in class path resource [org/springframework/boot/autoconfigure/orm/jpa/HibernateJpaConfiguration.class]: Failed to initialize dependency 'dataSourceScriptDatabaseInitializer' of LoadTimeWeaverAware bean 'entityManagerFactory': Error creating bean with name 'dataSourceScriptDatabaseInitializer' defined in class path resource [org/springframework/boot/autoconfigure/sql/init/DataSourceInitializationConfiguration.class]: Unsatisfied dependency expressed through method 'dataSourceScriptDatabaseInitializer' parameter 0: Error creating bean with name 'dataSource' defined in class path resource [org/springframework/boot/autoconfigure/jdbc/DataSourceConfiguration$Hikari.class]: Failed to instantiate [com.zaxxer.hikari.HikariDataSource]: Factory method 'dataSource' threw exception with message: Failed to determine a suitable driver class
 2026-02-10 23:36:27 ERROR o.s.b.d.LoggingFailureAnalysisReporter - 

***************************
APPLICATION FAILED TO START
***************************

Description:

Failed to configure a DataSource: 'url' attribute is not specified and no embedded datasource could be configured.

Reason: Failed to determine a suitable driver class


Action:

Consider the following:
	If you want an embedded database (H2, HSQL or Derby), please put it on the classpath.
	If you have database settings to be loaded from a particular profile you may need to activate it (no profiles are currently active).

 