2026-02-20 11:02:10 INFO  o.s.web.servlet.DispatcherServlet - Initializing Servlet 'dispatcherServlet'
 2026-02-20 11:02:10 INFO  o.s.web.servlet.DispatcherServlet - Completed initialization in 4 ms
 2026-02-20 19:28:42 INFO  o.h.validator.internal.util.Version - HV000001: Hibernate Validator 8.0.3.Final
 2026-02-20 19:28:43 INFO  com.mini.cti.MiniCtiApplication - Starting MiniCtiApplication using Java 21.0.9 with PID 26968 (C:\Users\sprs5\Desktop\Coding Factory\Coding Factory\Main_Project\mini-cti\build\classes\java\main started by sprs5 in C:\Users\sprs5\Desktop\Coding Factory\Coding Factory\Main_Project\mini-cti)
 2026-02-20 19:28:43 INFO  com.mini.cti.MiniCtiApplication - The following 1 profile is active: "dev"
 2026-02-20 19:28:43 INFO  o.s.b.d.e.DevToolsPropertyDefaultsPostProcessor - Devtools property defaults active! Set 'spring.devtools.add-properties' to 'false' to disable
 2026-02-20 19:28:43 INFO  o.s.b.d.e.DevToolsPropertyDefaultsPostProcessor - For additional web related logging consider setting the 'logging.level.web' property to 'DEBUG'
 2026-02-20 19:28:43 INFO  o.s.d.r.c.RepositoryConfigurationDelegate - Bootstrapping Spring Data JPA repositories in DEFAULT mode.
 2026-02-20 19:28:43 INFO  o.s.d.r.c.RepositoryConfigurationDelegate - Finished Spring Data repository scanning in 25 ms. Found 1 JPA repository interface.
 2026-02-20 19:28:43 INFO  o.s.b.w.e.tomcat.TomcatWebServer - Tomcat initialized with port 8080 (http)
 2026-02-20 19:28:43 INFO  o.s.b.w.s.c.ServletWebServerApplicationContext - Root WebApplicationContext: initialization completed in 867 ms
 2026-02-20 19:28:44 INFO  org.hibernate.Version - HHH000412: Hibernate ORM core version 6.6.41.Final
 2026-02-20 19:28:44 INFO  o.h.c.i.RegionFactoryInitiator - HHH000026: Second-level cache disabled
 2026-02-20 19:28:44 INFO  o.s.o.j.p.SpringPersistenceUnitInfo - No LoadTimeWeaver setup: ignoring JPA class transformer
 2026-02-20 19:28:44 INFO  o.hibernate.orm.connections.pooling - HHH10001005: Database info:
	Database JDBC URL [Connecting through datasource 'HikariDataSource (HikariPool-1)']
	Database driver: undefined/unknown
	Database version: 18.1
	Autocommit mode: undefined/unknown
	Isolation level: undefined/unknown
	Minimum pool size: undefined/unknown
	Maximum pool size: undefined/unknown
 2026-02-20 19:28:45 INFO  o.h.e.t.j.p.i.JtaPlatformInitiator - HHH000489: No JTA platform available (set 'hibernate.transaction.jta.platform' to enable JTA platform integration)
 2026-02-20 19:28:45 WARN  o.h.t.s.i.ExceptionHandlerLoggedImpl - GenerationTarget encountered exception accepting command : Error executing DDL "create table users (id bigint generated by default as identity, password varchar(255) not null, role varchar(255) not null check (role in ('ADMIN','USER')), username varchar(255) not null, uuid BINARY(16) not null, primary key (id))" via JDBC [ERROR: type "binary" does not exist
  Position: 195]
 org.hibernate.tool.schema.spi.CommandAcceptanceException: Error executing DDL "create table users (id bigint generated by default as identity, password varchar(255) not null, role varchar(255) not null check (role in ('ADMIN','USER')), username varchar(255) not null, uuid BINARY(16) not null, primary key (id))" via JDBC [ERROR: type "binary" does not exist
  Position: 195]
	at org.hibernate.tool.schema.internal.exec.GenerationTargetToDatabase.accept(GenerationTargetToDatabase.java:94)
Caused by: org.postgresql.util.PSQLException: ERROR: type "binary" does not exist
  Position: 195
	at org.postgresql.core.v3.QueryExecutorImpl.receiveErrorResponse(QueryExecutorImpl.java:2734)
2026-02-20 19:28:45 WARN  o.h.e.jdbc.spi.SqlExceptionHelper - SQL Warning Code: 0, SQLState: 00000
 2026-02-20 19:28:45 WARN  o.h.e.jdbc.spi.SqlExceptionHelper - relation "users" does not exist, skipping
 2026-02-20 19:28:45 WARN  o.h.e.jdbc.spi.SqlExceptionHelper - SQL Warning Code: 0, SQLState: 00000
 2026-02-20 19:28:45 WARN  o.h.e.jdbc.spi.SqlExceptionHelper - relation "users" does not exist, skipping
 2026-02-20 19:28:45 WARN  o.h.e.jdbc.spi.SqlExceptionHelper - SQL Warning Code: 0, SQLState: 00000
 2026-02-20 19:28:45 WARN  o.h.e.jdbc.spi.SqlExceptionHelper - relation "users" does not exist, skipping
 2026-02-20 19:28:45 WARN  o.h.e.jdbc.spi.SqlExceptionHelper - SQL Warning Code: 0, SQLState: 00000
 2026-02-20 19:28:45 WARN  o.h.e.jdbc.spi.SqlExceptionHelper - relation "users" does not exist, skipping
 2026-02-20 19:28:45 INFO  o.s.o.j.LocalContainerEntityManagerFactoryBean - Initialized JPA EntityManagerFactory for persistence unit 'default'
 2026-02-20 19:28:45 INFO  o.s.b.d.a.OptionalLiveReloadServer - LiveReload server is running on port 35729
 2026-02-20 19:28:45 INFO  o.s.b.w.e.tomcat.TomcatWebServer - Tomcat started on port 8080 (http) with context path '/'
 2026-02-20 19:28:45 INFO  com.mini.cti.MiniCtiApplication - Started MiniCtiApplication in 2.884 seconds (process running for 3.171)
 2026-02-20 19:29:23 INFO  o.h.validator.internal.util.Version - HV000001: Hibernate Validator 8.0.3.Final
 2026-02-20 19:29:23 INFO  com.mini.cti.MiniCtiApplication - Starting MiniCtiApplication using Java 21.0.9 with PID 41092 (C:\Users\sprs5\Desktop\Coding Factory\Coding Factory\Main_Project\mini-cti\build\classes\java\main started by sprs5 in C:\Users\sprs5\Desktop\Coding Factory\Coding Factory\Main_Project\mini-cti)
 2026-02-20 19:29:23 INFO  com.mini.cti.MiniCtiApplication - The following 1 profile is active: "dev"
 2026-02-20 19:29:23 INFO  o.s.b.d.e.DevToolsPropertyDefaultsPostProcessor - Devtools property defaults active! Set 'spring.devtools.add-properties' to 'false' to disable
 2026-02-20 19:29:23 INFO  o.s.b.d.e.DevToolsPropertyDefaultsPostProcessor - For additional web related logging consider setting the 'logging.level.web' property to 'DEBUG'
 2026-02-20 19:29:23 INFO  o.s.d.r.c.RepositoryConfigurationDelegate - Bootstrapping Spring Data JPA repositories in DEFAULT mode.
 2026-02-20 19:29:23 INFO  o.s.d.r.c.RepositoryConfigurationDelegate - Finished Spring Data repository scanning in 25 ms. Found 1 JPA repository interface.
 2026-02-20 19:29:24 INFO  o.s.b.w.e.tomcat.TomcatWebServer - Tomcat initialized with port 8080 (http)
 2026-02-20 19:29:24 INFO  o.s.b.w.s.c.ServletWebServerApplicationContext - Root WebApplicationContext: initialization completed in 837 ms
 2026-02-20 19:29:24 INFO  org.hibernate.Version - HHH000412: Hibernate ORM core version 6.6.41.Final
 2026-02-20 19:29:24 INFO  o.h.c.i.RegionFactoryInitiator - HHH000026: Second-level cache disabled
 2026-02-20 19:29:24 INFO  o.s.o.j.p.SpringPersistenceUnitInfo - No LoadTimeWeaver setup: ignoring JPA class transformer
 2026-02-20 19:29:24 INFO  o.hibernate.orm.connections.pooling - HHH10001005: Database info:
	Database JDBC URL [Connecting through datasource 'HikariDataSource (HikariPool-1)']
	Database driver: undefined/unknown
	Database version: 18.1
	Autocommit mode: undefined/unknown
	Isolation level: undefined/unknown
	Minimum pool size: undefined/unknown
	Maximum pool size: undefined/unknown
 2026-02-20 19:29:25 INFO  o.h.e.t.j.p.i.JtaPlatformInitiator - HHH000489: No JTA platform available (set 'hibernate.transaction.jta.platform' to enable JTA platform integration)
 2026-02-20 19:29:25 WARN  o.h.t.s.i.ExceptionHandlerLoggedImpl - GenerationTarget encountered exception accepting command : Error executing DDL "create table users (id bigint generated by default as identity, uuid BINARY(16) not null unique, password varchar(255) not null, role varchar(255) not null check (role in ('ADMIN','USER')), username varchar(255) not null unique, primary key (id))" via JDBC [ERROR: type "binary" does not exist
  Position: 70]
 org.hibernate.tool.schema.spi.CommandAcceptanceException: Error executing DDL "create table users (id bigint generated by default as identity, uuid BINARY(16) not null unique, password varchar(255) not null, role varchar(255) not null check (role in ('ADMIN','USER')), username varchar(255) not null unique, primary key (id))" via JDBC [ERROR: type "binary" does not exist
  Position: 70]
	at org.hibernate.tool.schema.internal.exec.GenerationTargetToDatabase.accept(GenerationTargetToDatabase.java:94)
Caused by: org.postgresql.util.PSQLException: ERROR: type "binary" does not exist
  Position: 70
	at org.postgresql.core.v3.QueryExecutorImpl.receiveErrorResponse(QueryExecutorImpl.java:2734)
2026-02-20 19:29:25 INFO  o.s.o.j.LocalContainerEntityManagerFactoryBean - Initialized JPA EntityManagerFactory for persistence unit 'default'
 2026-02-20 19:29:25 INFO  o.s.b.d.a.OptionalLiveReloadServer - LiveReload server is running on port 35729
 2026-02-20 19:29:25 INFO  o.s.b.w.e.tomcat.TomcatWebServer - Tomcat started on port 8080 (http) with context path '/'
 2026-02-20 19:29:25 INFO  com.mini.cti.MiniCtiApplication - Started MiniCtiApplication in 2.718 seconds (process running for 2.992)
 2026-02-20 19:30:58 INFO  o.h.validator.internal.util.Version - HV000001: Hibernate Validator 8.0.3.Final
 2026-02-20 19:30:58 INFO  com.mini.cti.MiniCtiApplication - Starting MiniCtiApplication using Java 21.0.9 with PID 14976 (C:\Users\sprs5\Desktop\Coding Factory\Coding Factory\Main_Project\mini-cti\build\classes\java\main started by sprs5 in C:\Users\sprs5\Desktop\Coding Factory\Coding Factory\Main_Project\mini-cti)
 2026-02-20 19:30:58 INFO  com.mini.cti.MiniCtiApplication - The following 1 profile is active: "dev"
 2026-02-20 19:30:58 INFO  o.s.b.d.e.DevToolsPropertyDefaultsPostProcessor - Devtools property defaults active! Set 'spring.devtools.add-properties' to 'false' to disable
 2026-02-20 19:30:58 INFO  o.s.b.d.e.DevToolsPropertyDefaultsPostProcessor - For additional web related logging consider setting the 'logging.level.web' property to 'DEBUG'
 2026-02-20 19:30:58 INFO  o.s.d.r.c.RepositoryConfigurationDelegate - Bootstrapping Spring Data JPA repositories in DEFAULT mode.
 2026-02-20 19:30:58 INFO  o.s.d.r.c.RepositoryConfigurationDelegate - Finished Spring Data repository scanning in 26 ms. Found 1 JPA repository interface.
 2026-02-20 19:30:59 INFO  o.s.b.w.e.tomcat.TomcatWebServer - Tomcat initialized with port 8080 (http)
 2026-02-20 19:30:59 INFO  o.s.b.w.s.c.ServletWebServerApplicationContext - Root WebApplicationContext: initialization completed in 859 ms
 2026-02-20 19:30:59 INFO  org.hibernate.Version - HHH000412: Hibernate ORM core version 6.6.41.Final
 2026-02-20 19:30:59 INFO  o.h.c.i.RegionFactoryInitiator - HHH000026: Second-level cache disabled
 2026-02-20 19:30:59 INFO  o.s.o.j.p.SpringPersistenceUnitInfo - No LoadTimeWeaver setup: ignoring JPA class transformer
 2026-02-20 19:30:59 INFO  o.hibernate.orm.connections.pooling - HHH10001005: Database info:
	Database JDBC URL [Connecting through datasource 'HikariDataSource (HikariPool-1)']
	Database driver: undefined/unknown
	Database version: 18.1
	Autocommit mode: undefined/unknown
	Isolation level: undefined/unknown
	Minimum pool size: undefined/unknown
	Maximum pool size: undefined/unknown
 2026-02-20 19:31:00 INFO  o.h.e.t.j.p.i.JtaPlatformInitiator - HHH000489: No JTA platform available (set 'hibernate.transaction.jta.platform' to enable JTA platform integration)
 2026-02-20 19:31:00 INFO  o.s.o.j.LocalContainerEntityManagerFactoryBean - Initialized JPA EntityManagerFactory for persistence unit 'default'
 2026-02-20 19:31:00 INFO  o.s.b.d.a.OptionalLiveReloadServer - LiveReload server is running on port 35729
 2026-02-20 19:31:00 INFO  o.s.b.w.e.tomcat.TomcatWebServer - Tomcat started on port 8080 (http) with context path '/'
 2026-02-20 19:31:00 INFO  com.mini.cti.MiniCtiApplication - Started MiniCtiApplication in 2.832 seconds (process running for 3.099)
 