2026-02-18 16:21:43 INFO  com.zaxxer.hikari.HikariDataSource - HikariPool-1 - Starting...
2026-02-18 16:21:44 INFO  com.zaxxer.hikari.pool.HikariPool - HikariPool-1 - Added connection org.postgresql.jdbc.PgConnection@569e6323
2026-02-18 16:21:44 INFO  com.zaxxer.hikari.HikariDataSource - HikariPool-1 - Start completed.
2026-02-18 16:24:39 INFO  com.zaxxer.hikari.HikariDataSource - HikariPool-1 - Starting...
2026-02-18 16:24:39 INFO  com.zaxxer.hikari.pool.HikariPool - HikariPool-1 - Added connection org.postgresql.jdbc.PgConnection@1652df64
2026-02-18 16:24:39 INFO  com.zaxxer.hikari.HikariDataSource - HikariPool-1 - Start completed.
2026-02-18 16:25:11 INFO  com.zaxxer.hikari.HikariDataSource - HikariPool-1 - Starting...
2026-02-18 16:25:11 INFO  com.zaxxer.hikari.pool.HikariPool - HikariPool-1 - Added connection org.postgresql.jdbc.PgConnection@463c409f
2026-02-18 16:25:11 INFO  com.zaxxer.hikari.HikariDataSource - HikariPool-1 - Start completed.
2026-02-18 16:27:03 INFO  com.zaxxer.hikari.HikariDataSource - HikariPool-1 - Starting...
2026-02-18 16:27:04 INFO  com.zaxxer.hikari.pool.HikariPool - HikariPool-1 - Added connection org.postgresql.jdbc.PgConnection@45f9689a
2026-02-18 16:27:04 INFO  com.zaxxer.hikari.HikariDataSource - HikariPool-1 - Start completed.
2026-02-18 16:28:02 INFO  com.zaxxer.hikari.HikariDataSource - HikariPool-1 - Starting...
2026-02-18 16:28:02 INFO  com.zaxxer.hikari.pool.HikariPool - HikariPool-1 - Added connection org.postgresql.jdbc.PgConnection@b02408b
2026-02-18 16:28:02 INFO  com.zaxxer.hikari.HikariDataSource - HikariPool-1 - Start completed.
2026-02-18 16:29:27 INFO  com.zaxxer.hikari.HikariDataSource - HikariPool-1 - Starting...
2026-02-18 16:29:27 INFO  com.zaxxer.hikari.pool.HikariPool - HikariPool-1 - Added connection org.postgresql.jdbc.PgConnection@6008e4a0
2026-02-18 16:29:27 INFO  com.zaxxer.hikari.HikariDataSource - HikariPool-1 - Start completed.
2026-02-18 16:30:55 INFO  com.zaxxer.hikari.HikariDataSource - HikariPool-1 - Starting...
2026-02-18 16:30:55 INFO  com.zaxxer.hikari.pool.HikariPool - HikariPool-1 - Added connection org.postgresql.jdbc.PgConnection@562b049c
2026-02-18 16:30:55 INFO  com.zaxxer.hikari.HikariDataSource - HikariPool-1 - Start completed.
2026-02-18 16:32:20 INFO  com.zaxxer.hikari.HikariDataSource - HikariPool-1 - Starting...
2026-02-18 16:32:20 INFO  com.zaxxer.hikari.pool.HikariPool - HikariPool-1 - Added connection org.postgresql.jdbc.PgConnection@61a5bda8
2026-02-18 16:32:20 INFO  com.zaxxer.hikari.HikariDataSource - HikariPool-1 - Start completed.
2026-02-18 16:34:50 INFO  com.zaxxer.hikari.HikariDataSource - HikariPool-1 - Starting...
2026-02-18 16:34:50 INFO  com.zaxxer.hikari.pool.HikariPool - HikariPool-1 - Added connection org.postgresql.jdbc.PgConnection@73b0517d
2026-02-18 16:34:50 INFO  com.zaxxer.hikari.HikariDataSource - HikariPool-1 - Start completed.
2026-02-18 17:31:27 INFO  com.zaxxer.hikari.HikariDataSource - HikariPool-1 - Starting...
2026-02-18 17:31:27 INFO  com.zaxxer.hikari.pool.HikariPool - HikariPool-1 - Added connection org.postgresql.jdbc.PgConnection@247558b3
2026-02-18 17:31:27 INFO  com.zaxxer.hikari.HikariDataSource - HikariPool-1 - Start completed.
2026-02-18 17:31:28 INFO  com.zaxxer.hikari.HikariDataSource - HikariPool-1 - Shutdown initiated...
2026-02-18 17:31:28 INFO  com.zaxxer.hikari.HikariDataSource - HikariPool-1 - Shutdown completed.
2026-02-18 17:57:45 INFO  com.zaxxer.hikari.HikariDataSource - HikariPool-1 - Starting...
2026-02-18 17:57:45 INFO  com.zaxxer.hikari.pool.HikariPool - HikariPool-1 - Added connection org.postgresql.jdbc.PgConnection@61d45b17
2026-02-18 17:57:45 INFO  com.zaxxer.hikari.HikariDataSource - HikariPool-1 - Start completed.
2026-02-18 17:57:45 INFO  com.zaxxer.hikari.HikariDataSource - HikariPool-1 - Shutdown initiated...
2026-02-18 17:57:45 INFO  com.zaxxer.hikari.HikariDataSource - HikariPool-1 - Shutdown completed.
2026-02-18 17:59:11 INFO  com.zaxxer.hikari.HikariDataSource - HikariPool-1 - Starting...
2026-02-18 17:59:11 INFO  com.zaxxer.hikari.pool.HikariPool - HikariPool-1 - Added connection org.postgresql.jdbc.PgConnection@659fa5
2026-02-18 17:59:11 INFO  com.zaxxer.hikari.HikariDataSource - HikariPool-1 - Start completed.
2026-02-18 17:59:12 INFO  com.zaxxer.hikari.HikariDataSource - HikariPool-1 - Shutdown initiated...
2026-02-18 17:59:12 INFO  com.zaxxer.hikari.HikariDataSource - HikariPool-1 - Shutdown completed.
2026-02-18 18:01:04 INFO  com.zaxxer.hikari.HikariDataSource - HikariPool-1 - Starting...
2026-02-18 18:01:04 INFO  com.zaxxer.hikari.pool.HikariPool - HikariPool-1 - Added connection org.postgresql.jdbc.PgConnection@17d3cc7b
2026-02-18 18:01:04 INFO  com.zaxxer.hikari.HikariDataSource - HikariPool-1 - Start completed.
